<?xml version="1.0" encoding="UTF-8"?>
<testng-results ignored="0" total="1" passed="1" failed="0" skipped="0">
  <reporter-output>
  </reporter-output>
  <suite started-at="2021-08-19T05:50:27Z" name="Suite" finished-at="2021-08-19T05:52:03Z" duration-ms="95711">
    <groups>
    </groups>
    <test started-at="2021-08-19T05:50:27Z" name="Test" finished-at="2021-08-19T05:52:03Z" duration-ms="95711">
      <class name="testcases.NewTest">
        <test-method is-config="true" signature="setUp()[pri:0, instance:testcases.NewTest@683dbc2c]" started-at="2021-08-19T05:50:27Z" name="setUp" finished-at="2021-08-19T05:51:53Z" duration-ms="85672" status="PASS">
          <reporter-output>
          </reporter-output>
        </test-method> <!-- setUp -->
        <test-method signature="f()[pri:0, instance:testcases.NewTest@683dbc2c]" started-at="2021-08-19T05:51:53Z" name="f" finished-at="2021-08-19T05:51:55Z" duration-ms="2667" status="PASS">
          <reporter-output>
          </reporter-output>
        </test-method> <!-- f -->
        <test-method is-config="true" signature="teardown()[pri:0, instance:testcases.NewTest@683dbc2c]" started-at="2021-08-19T05:51:55Z" name="teardown" finished-at="2021-08-19T05:52:03Z" duration-ms="7289" status="PASS">
          <reporter-output>
          </reporter-output>
        </test-method> <!-- teardown -->
      </class> <!-- testcases.NewTest -->
    </test> <!-- Test -->
  </suite> <!-- Suite -->
</testng-results>
